<?xml version="1.0" encoding="UTF-8"?>
<testng-results ignored="0" total="1" passed="1" failed="0" skipped="0">
  <reporter-output>
  </reporter-output>
  <suite started-at="2023-11-16T09:52:43 IST" name="Default suite" finished-at="2023-11-16T09:53:25 IST" duration-ms="42364">
    <groups>
    </groups>
    <test started-at="2023-11-16T09:52:43 IST" name="Default test" finished-at="2023-11-16T09:53:25 IST" duration-ms="42364">
      <class name="Final_Project_TestCases.Scenario_2">
        <test-method is-config="true" signature="setUp()[pri:0, instance:Final_Project_TestCases.Scenario_2@429bffaa]" started-at="2023-11-16T09:52:34 IST" name="setUp" finished-at="2023-11-16T09:52:43 IST" duration-ms="9378" status="PASS">
          <reporter-output>
          </reporter-output>
        </test-method> <!-- setUp -->
        <test-method signature="srchItm()[pri:0, instance:Final_Project_TestCases.Scenario_2@429bffaa]" started-at="2023-11-16T09:52:43 IST" name="srchItm" finished-at="2023-11-16T09:53:25 IST" duration-ms="42241" status="PASS">
          <reporter-output>
          </reporter-output>
        </test-method> <!-- srchItm -->
        <test-method is-config="true" signature="cls()[pri:0, instance:Final_Project_TestCases.Scenario_2@429bffaa]" started-at="2023-11-16T09:53:25 IST" name="cls" finished-at="2023-11-16T09:53:26 IST" duration-ms="563" status="PASS">
          <reporter-output>
          </reporter-output>
        </test-method> <!-- cls -->
      </class> <!-- Final_Project_TestCases.Scenario_2 -->
    </test> <!-- Default test -->
  </suite> <!-- Default suite -->
</testng-results>
